[debug] [2018-07-06T07:25:55.086Z] ----------------------------------------------------------------------
[debug] [2018-07-06T07:25:55.086Z] Command:       C:\Program Files\nodejs\node.exe C:\Program Files\nodejs\node_modules\firebase-tools\bin\firebase init
[debug] [2018-07-06T07:25:55.086Z] CLI Version:   3.19.1
[debug] [2018-07-06T07:25:55.086Z] Platform:      win32
[debug] [2018-07-06T07:25:55.086Z] Node Version:  v8.11.1
[debug] [2018-07-06T07:25:55.086Z] Time:          Fri Jul 06 2018 12:55:55 GMT+0530 (India Standard Time)
[debug] [2018-07-06T07:25:55.086Z] ----------------------------------------------------------------------
[debug] 
[debug] [2018-07-06T07:25:55.101Z] > command requires scopes: ["email","openid","https://www.googleapis.com/auth/cloudplatformprojects.readonly","https://www.googleapis.com/auth/firebase"]
[debug] [2018-07-06T07:25:55.101Z] > authorizing via signed-in user
[info] 
     ######## #### ########  ######## ########     ###     ######  ########
     ##        ##  ##     ## ##       ##     ##  ##   ##  ##       ##
     ######    ##  ########  ######   ########  #########  ######  ######
     ##        ##  ##    ##  ##       ##     ## ##     ##       ## ##
     ##       #### ##     ## ######## ########  ##     ##  ######  ########

You're about to initialize a Firebase project in this directory:

  G:\project

[info] 
=== Project Setup
[info] 
[info] First, let's associate this project directory with a Firebase project.
[info] You can create multiple project aliases by running firebase use --add, 
[info] but for now we'll just set up a default project.
[info] 
[debug] [2018-07-06T07:26:07.065Z] > refreshing access token with scopes: ["email","https://www.googleapis.com/auth/cloudplatformprojects.readonly","https://www.googleapis.com/auth/firebase","openid"]
[debug] [2018-07-06T07:26:07.065Z] >>> HTTP REQUEST POST https://www.googleapis.com/oauth2/v3/token  
 { refresh_token: '1/ry3DDY465UUcO5TmuRPXqbd8GXs-Vo5P7BX1twKxbXA_YnE82pdhRR8zFzGK6tI1',
  client_id: '563584335869-fgrhgmd47bqnekij5i8b5pr03ho849e6.apps.googleusercontent.com',
  client_secret: 'j9iVZfS8kkCEFUPaAeJV0sAi',
  grant_type: 'refresh_token',
  scope: 'email https://www.googleapis.com/auth/cloudplatformprojects.readonly https://www.googleapis.com/auth/firebase openid' } 
 Fri Jul 06 2018 12:56:07 GMT+0530 (India Standard Time)
[debug] [2018-07-06T07:26:07.607Z] <<< HTTP RESPONSE 200
[debug] [2018-07-06T07:26:07.684Z] >>> HTTP REQUEST GET https://admin.firebase.com/v1/projects  
  
 Fri Jul 06 2018 12:56:07 GMT+0530 (India Standard Time)
[debug] [2018-07-06T07:26:09.587Z] <<< HTTP RESPONSE 200
